<?xml version="1.0" encoding="UTF-8"?>
<testsuites name="jest tests" tests="24" failures="0" errors="0" time="6.155">
  <testsuite name="VacancyDetailComponent" errors="0" failures="0" skipped="0" timestamp="2026-01-28T13:32:58" time="4.796" tests="24">
    <testcase classname="VacancyDetailComponent should create" name="VacancyDetailComponent should create" time="0.229">
    </testcase>
    <testcase classname="VacancyDetailComponent Initialization should load vacancy on init" name="VacancyDetailComponent Initialization should load vacancy on init" time="0.18">
    </testcase>
    <testcase classname="VacancyDetailComponent Initialization should not load state history on init" name="VacancyDetailComponent Initialization should not load state history on init" time="0.106">
    </testcase>
    <testcase classname="VacancyDetailComponent Initialization should not load when no id" name="VacancyDetailComponent Initialization should not load when no id" time="0.059">
    </testcase>
    <testcase classname="VacancyDetailComponent Initialization should handle load error and navigate" name="VacancyDetailComponent Initialization should handle load error and navigate" time="0.32">
    </testcase>
    <testcase classname="VacancyDetailComponent State change modal should open state modal when vacancy exists" name="VacancyDetailComponent State change modal should open state modal when vacancy exists" time="0.095">
    </testcase>
    <testcase classname="VacancyDetailComponent State change modal should close state modal" name="VacancyDetailComponent State change modal should close state modal" time="0.105">
    </testcase>
    <testcase classname="VacancyDetailComponent State change modal should handle state change" name="VacancyDetailComponent State change modal should handle state change" time="0.119">
    </testcase>
    <testcase classname="VacancyDetailComponent State change modal should handle state change error" name="VacancyDetailComponent State change modal should handle state change error" time="0.098">
    </testcase>
    <testcase classname="VacancyDetailComponent State change modal should not change state if no new state" name="VacancyDetailComponent State change modal should not change state if no new state" time="0.079">
    </testcase>
    <testcase classname="VacancyDetailComponent Tracking tab lazy loading should load state history when tracking tab is selected" name="VacancyDetailComponent Tracking tab lazy loading should load state history when tracking tab is selected" time="0.115">
    </testcase>
    <testcase classname="VacancyDetailComponent Edit vacancy modal should open edit modal when vacancy exists" name="VacancyDetailComponent Edit vacancy modal should open edit modal when vacancy exists" time="0.039">
    </testcase>
    <testcase classname="VacancyDetailComponent Edit vacancy modal should not open edit modal when vacancy is null" name="VacancyDetailComponent Edit vacancy modal should not open edit modal when vacancy is null" time="0.039">
    </testcase>
    <testcase classname="VacancyDetailComponent Edit vacancy modal should close edit modal" name="VacancyDetailComponent Edit vacancy modal should close edit modal" time="0.037">
    </testcase>
    <testcase classname="VacancyDetailComponent Edit vacancy modal should update vacancy on edit submit" name="VacancyDetailComponent Edit vacancy modal should update vacancy on edit submit" time="0.053">
    </testcase>
    <testcase classname="VacancyDetailComponent Edit vacancy modal should handle edit submit error" name="VacancyDetailComponent Edit vacancy modal should handle edit submit error" time="0.047">
    </testcase>
    <testcase classname="VacancyDetailComponent Edit vacancy modal should not submit edit when id is missing" name="VacancyDetailComponent Edit vacancy modal should not submit edit when id is missing" time="0.034">
    </testcase>
    <testcase classname="VacancyDetailComponent Utility methods should compute page title" name="VacancyDetailComponent Utility methods should compute page title" time="0.072">
    </testcase>
    <testcase classname="VacancyDetailComponent Utility methods should compute source label" name="VacancyDetailComponent Utility methods should compute source label" time="0.072">
    </testcase>
    <testcase classname="VacancyDetailComponent Utility methods should format date" name="VacancyDetailComponent Utility methods should format date" time="0.066">
    </testcase>
    <testcase classname="VacancyDetailComponent Utility methods should format datetime" name="VacancyDetailComponent Utility methods should format datetime" time="0.069">
    </testcase>
    <testcase classname="VacancyDetailComponent Utility methods should get pipeline label" name="VacancyDetailComponent Utility methods should get pipeline label" time="0.069">
    </testcase>
    <testcase classname="VacancyDetailComponent Utility methods should get remote viable text" name="VacancyDetailComponent Utility methods should get remote viable text" time="0.065">
    </testcase>
    <testcase classname="VacancyDetailComponent Error handling should handle state history load error" name="VacancyDetailComponent Error handling should handle state history load error" time="0.127">
    </testcase>
  </testsuite>
</testsuites>